<?xml version="1.0" encoding="UTF-8"?>
<testsuite xmlns:xsi="http://www.w3.org/2001/XMLSchema-instance" xsi:noNamespaceSchemaLocation="https://maven.apache.org/surefire/maven-surefire-plugin/xsd/surefire-test-report-3.0.xsd" version="3.0" name="com.example.bibliotecapessoal.controller.AuthControllerTest" time="3.159" tests="4" errors="4" skipped="0" failures="0">
  <properties>
[...]
</properties>
  <testcase name="registerPersistsAndReturnsCreatedUser" classname="com.example.bibliotecapessoal.controller.AuthControllerTest" time="0.015">
    <error type="java.lang.ExceptionInInitializerError"><![CDATA[java.lang.ExceptionInInitializerError
	at java.base/java.lang.reflect.Constructor.newInstanceWithCaller(Constructor.java:500)
	at java.base/java.lang.reflect.Constructor.newInstance(Constructor.java:481)
	at java.base/java.util.Optional.orElseGet(Optional.java:364)
	at java.base/java.util.ArrayList.forEach(ArrayList.java:1511)
	at java.base/java.util.ArrayList.forEach(ArrayList.java:1511)
Caused by: java.lang.IllegalStateException: Could not find a valid Docker environment. Please see logs and check configuration
	at org.testcontainers.dockerclient.DockerClientProviderStrategy.lambda$getFirstValidStrategy$7(DockerClientProviderStrategy.java:277)
	at java.base/java.util.Optional.orElseThrow(Optional.java:403)
	at org.testcontainers.dockerclient.DockerClientProviderStrategy.getFirstValidStrategy(DockerClientProviderStrategy.java:268)
	at org.testcontainers.DockerClientFactory.getOrInitializeStrategy(DockerClientFactory.java:152)
	at org.testcontainers.DockerClientFactory.client(DockerClientFactory.java:194)
	at org.testcontainers.DockerClientFactory$1.getDockerClient(DockerClientFactory.java:106)
	at com.github.dockerjava.api.DockerClientDelegate.authConfig(DockerClientDelegate.java:109)
	at org.testcontainers.containers.GenericContainer.start(GenericContainer.java:329)
	at com.example.bibliotecapessoal.AbstractMongoIntegrationTest.<clinit>(AbstractMongoIntegrationTest.java:14)
	... 5 more
]]></error>
    <system-out><![CDATA[14:20:19.155 [main] INFO org.springframework.test.context.support.AnnotationConfigContextLoaderUtils -- Could not detect default configuration classes for test class [com.example.bibliotecapessoal.controller.AuthControllerTest]: AuthControllerTest does not declare any static, non-private, non-final, nested classes annotated with @Configuration.
14:20:19.822 [main] INFO org.springframework.boot.test.context.SpringBootTestContextBootstrapper -- Found @SpringBootConfiguration com.example.bibliotecapessoal.BibliotecaPessoalApplication for test class com.example.bibliotecapessoal.controller.AuthControllerTest
14:20:20.405 [main] INFO org.testcontainers.images.PullPolicy -- Image pull policy will be performed by: DefaultPullPolicy()
14:20:20.418 [main] INFO org.testcontainers.utility.ImageNameSubstitutor -- Image name substitution will be performed by: DefaultImageNameSubstitutor (composite of 'ConfigurationFileImageNameSubstitutor' and 'PrefixingImageNameSubstitutor')
14:20:21.296 [main] INFO org.testcontainers.dockerclient.DockerClientProviderStrategy -- Loaded org.testcontainers.dockerclient.UnixSocketClientProviderStrategy from ~/.testcontainers.properties, will try it first
14:20:21.588 [main] WARN org.testcontainers.dockerclient.DockerClientProviderStrategy -- DOCKER_HOST unix:///var/run/docker.sock is not listening
14:20:21.655 [main] INFO org.testcontainers.dockerclient.DockerMachineClientProviderStrategy -- docker-machine executable was not found on PATH ([/home/venandi/.local/bin, /home/venandi/.codex/tmp/arg0/codex-arg0UKBRMY, /usr/local/lib/node_modules/@openai/codex/node_modules/@openai/codex-linux-x64/vendor/x86_64-unknown-linux-musl/path, /home/venandi/.local/bin, /home/venandi/.local/bin, /usr/local/sbin, /usr/local/bin, /usr/sbin, /usr/bin, /sbin, /bin, /usr/games, /usr/local/games, /usr/lib/wsl/lib, /mnt/c/Program Files/Common Files/Oracle/Java/javapath, /mnt/c/Program Files (x86)/Common Files/Oracle/Java/java8path, /mnt/c/Program Files (x86)/Common Files/Oracle/Java/javapath, /mnt/c/Python311/Scripts/, /mnt/c/Python311/, /mnt/c/WINDOWS/system32, /mnt/c/WINDOWS, /mnt/c/WINDOWS/System32/Wbem, /mnt/c/WINDOWS/System32/WindowsPowerShell/v1.0/, /mnt/c/WINDOWS/System32/OpenSSH/, /mnt/c/Program Files/Git/cmd, /mnt/c/ProgramData/chocolatey/bin, /mnt/c/Users/teumm/OneDrive/Documentos/terraform_1.8.5_windows_386 (1), /mnt/c/Program Files/Amazon/AWSCLIV2/, /Docker/host/bin, /mnt/c/Program Files/dotnet/, /mnt/c/Program Files (x86)/NVIDIA Corporation/PhysX/Common, /mnt/c/Program Files/NVIDIA Corporation/NVIDIA app/NvDLISR, /mnt/c/apache-maven-3.9.9/bin, /mnt/c/Program Files/MySQL/MySQL Server 8.0/bin, /mnt/c/Program Files/OpenSSL-Win64/bin, /mnt/c/Program Files (x86)/ZeroTier/One/, /mnt/c/Program Files/nodejs/, /mnt/c/Program Files/MySQL/MySQL Shell 8.0/bin/, /mnt/c/Program Files/nodejs/node.exe, /mnt/c/Users/teumm/AppData/Local/Programs/Microsoft VS Code/bin, /mnt/c/Users/teumm/AppData/Local/GitHubDesktop/bin, /mnt/c/Users/teumm/.dotnet/tools, /mnt/c/Users/teumm/AppData/Local/Microsoft/WindowsApps, /mnt/c/Users/teumm/AppData/Local/Microsoft/WinGet/Packages/Schniz.fnm_Microsoft.Winget.Source_8wekyb3d8bbwe, /mnt/c/Program Files/OpenSSL-Win64, /mnt/c/Program Files/JetBrains/IntelliJ IDEA 2025.3.1.1/bin, /mnt/c/Users/teumm/AppData/Local/Programs/Antigravity/bin, /mnt/c/Users/teumm/AppData/Roaming/npm, /mnt/c/Users/teumm/.antigravity/extensions/vscjava.vscode-java-debug-0.59.0-universal/bundled/scripts/noConfigScripts, /snap/bin])
14:20:21.656 [main] ERROR org.testcontainers.dockerclient.DockerClientProviderStrategy -- Could not find a valid Docker environment. Please check configuration. Attempted configurations were:
	DockerDesktopClientProviderStrategy: failed with exception NullPointerException (Cannot invoke "java.nio.file.Path.toString()" because the return value of "org.testcontainers.dockerclient.DockerDesktopClientProviderStrategy.getSocketPath()" is null)As no valid configuration was found, execution cannot continue.
See https://java.testcontainers.org/on_failure.html for more details.
]]></system-out>
  </testcase>
  <testcase name="meReturnsAuthenticatedUserFromJwt" classname="com.example.bibliotecapessoal.controller.AuthControllerTest" time="0.001">
    <error message="Could not initialize class com.example.bibliotecapessoal.controller.AuthControllerTest" type="java.lang.NoClassDefFoundError"><![CDATA[java.lang.NoClassDefFoundError: Could not initialize class com.example.bibliotecapessoal.controller.AuthControllerTest
	at java.base/java.lang.reflect.Constructor.newInstanceWithCaller(Constructor.java:500)
	at java.base/java.lang.reflect.Constructor.newInstance(Constructor.java:481)
	at java.base/java.util.Optional.orElseGet(Optional.java:364)
	at java.base/java.util.ArrayList.forEach(ArrayList.java:1511)
	at java.base/java.util.ArrayList.forEach(ArrayList.java:1511)
Caused by: java.lang.ExceptionInInitializerError: Exception java.lang.ExceptionInInitializerError [in thread "main"]
	... 5 more
]]></error>
  </testcase>
  <testcase name="logoutReturnsSuccessMessageForAuthenticatedUser" classname="com.example.bibliotecapessoal.controller.AuthControllerTest" time="0.001">
    <error message="Could not initialize class com.example.bibliotecapessoal.controller.AuthControllerTest" type="java.lang.NoClassDefFoundError"><![CDATA[java.lang.NoClassDefFoundError: Could not initialize class com.example.bibliotecapessoal.controller.AuthControllerTest
	at java.base/java.lang.reflect.Constructor.newInstanceWithCaller(Constructor.java:500)
	at java.base/java.lang.reflect.Constructor.newInstance(Constructor.java:481)
	at java.base/java.util.Optional.orElseGet(Optional.java:364)
	at java.base/java.util.ArrayList.forEach(ArrayList.java:1511)
	at java.base/java.util.ArrayList.forEach(ArrayList.java:1511)
Caused by: java.lang.ExceptionInInitializerError: Exception java.lang.ExceptionInInitializerError [in thread "main"]
	... 5 more
]]></error>
  </testcase>
  <testcase name="loginReturnsAuthResponseForPersistedUser" classname="com.example.bibliotecapessoal.controller.AuthControllerTest" time="0.001">
    <error message="Could not initialize class com.example.bibliotecapessoal.controller.AuthControllerTest" type="java.lang.NoClassDefFoundError"><![CDATA[java.lang.NoClassDefFoundError: Could not initialize class com.example.bibliotecapessoal.controller.AuthControllerTest
	at java.base/java.lang.reflect.Constructor.newInstanceWithCaller(Constructor.java:500)
	at java.base/java.lang.reflect.Constructor.newInstance(Constructor.java:481)
	at java.base/java.util.Optional.orElseGet(Optional.java:364)
	at java.base/java.util.ArrayList.forEach(ArrayList.java:1511)
	at java.base/java.util.ArrayList.forEach(ArrayList.java:1511)
Caused by: java.lang.ExceptionInInitializerError: Exception java.lang.ExceptionInInitializerError [in thread "main"]
	... 5 more
]]></error>
  </testcase>
</testsuite>