TN:
SF:src\App.jsx
FN:3,App
FNF:1
FNH:1
FNDA:1,App
DA:4,1
LF:1
LH:1
BRF:0
BRH:0
end_of_record
TN:
SF:src\api\api.js
FN:11,(anonymous_0)
FN:20,(anonymous_1)
FN:24,(anonymous_2)
FN:25,(anonymous_3)
FNF:4
FNH:3
FNDA:79,(anonymous_0)
FNDA:0,(anonymous_1)
FNDA:48,(anonymous_2)
FNDA:31,(anonymous_3)
DA:3,19
DA:10,19
DA:12,79
DA:14,79
DA:15,29
DA:18,79
DA:20,0
DA:23,19
DA:24,48
DA:26,31
DA:27,11
DA:28,11
DA:29,11
DA:32,31
LF:14
LH:13
BRDA:4,0,0,19
BRDA:4,0,1,0
BRDA:14,1,0,29
BRDA:14,1,1,50
BRDA:26,2,0,11
BRDA:26,2,1,20
BRF:6
BRH:5
end_of_record
TN:
SF:src\components\books\ReadingStatusBadge.jsx
FN:3,ReadingStatusBadge
FNF:1
FNH:1
FNDA:13,ReadingStatusBadge
DA:4,13
DA:6,13
LF:2
LH:2
BRF:0
BRH:0
end_of_record
TN:
SF:src\components\common\Button.jsx
FN:1,Button
FNF:1
FNH:1
FNDA:506,Button
DA:10,506
DA:12,506
DA:18,506
LF:3
LH:3
BRDA:3,0,0,12
BRDA:4,1,0,434
BRDA:5,2,0,227
BRDA:6,3,0,91
BRDA:21,4,0,279
BRDA:21,4,1,227
BRDA:25,5,0,13
BRDA:25,5,1,493
BRF:8
BRH:8
end_of_record
TN:
SF:src\components\common\Card.jsx
FN:1,Card
FNF:1
FNH:1
FNDA:450,Card
DA:2,450
LF:1
LH:1
BRDA:1,0,0,24
BRF:1
BRH:1
end_of_record
TN:
SF:src\components\common\Input.jsx
FN:1,Input
FNF:1
FNH:1
FNDA:1430,Input
DA:2,1430
LF:1
LH:1
BRDA:1,0,0,1430
BRDA:4,1,0,1430
BRDA:4,1,1,1430
BRDA:15,2,0,1430
BRDA:15,2,1,0
BRF:5
BRH:4
end_of_record
TN:
SF:src\components\common\Loading.jsx
FN:1,Loading
FNF:1
FNH:1
FNDA:21,Loading
DA:3,21
DA:9,21
DA:10,4
DA:13,17
LF:4
LH:4
BRDA:1,0,0,0
BRDA:1,1,0,17
BRDA:9,2,0,4
BRDA:9,2,1,17
BRF:4
BRH:3
end_of_record
TN:
SF:src\components\common\Modal.jsx
FN:1,Modal
FNF:1
FNH:1
FNDA:13,Modal
DA:10,13
DA:12,6
LF:2
LH:2
BRDA:7,0,0,2
BRDA:8,1,0,2
BRDA:10,2,0,7
BRDA:10,2,1,6
BRF:4
BRH:4
end_of_record
TN:
SF:src\components\common\layout\MainLayout.jsx
FN:6,MainLayout
FN:11,(anonymous_1)
FN:14,(anonymous_2)
FNF:3
FNH:3
FNDA:4,MainLayout
FNDA:1,(anonymous_1)
FNDA:1,(anonymous_2)
DA:7,4
DA:9,4
DA:11,1
DA:14,1
LF:4
LH:4
BRF:0
BRH:0
end_of_record
TN:
SF:src\components\common\layout\Navbar.jsx
FN:3,Navbar
FNF:1
FNH:1
FNDA:6,Navbar
DA:4,6
LF:1
LH:1
BRF:0
BRH:0
end_of_record
TN:
SF:src\components\common\layout\Sidebar.jsx
FN:10,Sidebar
FN:14,(anonymous_1)
FN:19,(anonymous_2)
FNF:3
FNH:3
FNDA:11,Sidebar
FNDA:1,(anonymous_1)
FNDA:33,(anonymous_2)
DA:6,3
DA:7,3
DA:8,3
DA:11,11
DA:12,11
DA:14,11
DA:15,1
DA:16,1
DA:19,11
DA:20,33
DA:22,11
LF:11
LH:11
BRDA:20,0,0,1
BRDA:20,0,1,32
BRDA:24,1,0,11
BRDA:24,1,1,6
BRDA:32,2,0,6
BRDA:32,2,1,5
BRDA:38,3,0,11
BRDA:38,3,1,5
BRF:8
BRH:8
end_of_record
TN:
SF:src\contexts\AuthContext.jsx
FN:13,AuthProvider
FN:17,(anonymous_1)
FN:18,(anonymous_2)
FN:54,(anonymous_3)
FN:73,(anonymous_4)
FN:85,(anonymous_5)
FN:101,(anonymous_6)
FNF:7
FNH:7
FNDA:74,AuthProvider
FNDA:34,(anonymous_1)
FNDA:34,(anonymous_2)
FNDA:7,(anonymous_3)
FNDA:6,(anonymous_4)
FNDA:3,(anonymous_5)
FNDA:74,(anonymous_6)
DA:7,13
DA:14,74
DA:15,74
DA:17,74
DA:18,34
DA:19,34
DA:20,5
DA:22,5
DA:23,2
DA:26,5
DA:27,5
DA:30,29
DA:32,29
DA:34,29
DA:35,19
DA:36,19
DA:39,10
DA:40,10
DA:41,9
DA:43,1
DA:44,1
DA:45,1
DA:47,10
DA:51,34
DA:54,74
DA:55,7
DA:56,2
DA:57,1
DA:60,1
DA:61,1
DA:62,1
DA:65,5
DA:66,2
DA:68,2
DA:69,2
DA:70,2
DA:73,74
DA:74,6
DA:75,1
DA:82,5
DA:85,74
DA:86,3
DA:87,1
DA:88,1
DA:89,1
DA:92,2
DA:93,2
DA:95,2
DA:96,2
DA:97,2
DA:101,74
DA:110,74
LF:52
LH:52
BRDA:19,0,0,5
BRDA:19,0,1,29
BRDA:22,1,0,2
BRDA:22,1,1,3
BRDA:34,2,0,19
BRDA:34,2,1,10
BRDA:55,3,0,2
BRDA:55,3,1,5
BRDA:56,4,0,1
BRDA:56,4,1,1
BRDA:56,5,0,2
BRDA:56,5,1,1
BRDA:74,6,0,1
BRDA:74,6,1,5
BRDA:86,7,0,1
BRDA:86,7,1,2
BRF:16
BRH:16
end_of_record
TN:
SF:src\contexts\authContext.js
FNF:0
FNH:0
DA:3,13
LF:1
LH:1
BRF:0
BRH:0
end_of_record
TN:
SF:src\hooks\useAuth.js
FN:4,useAuth
FNF:1
FNH:1
FNDA:328,useAuth
DA:5,328
LF:1
LH:1
BRF:0
BRH:0
end_of_record
TN:
SF:src\mocks\mockBooks.js
FNF:0
FNH:0
DA:3,7
LF:1
LH:1
BRF:0
BRH:0
end_of_record
TN:
SF:src\pages\auth\LoginPage.jsx
FN:8,LoginPage
FN:20,(anonymous_1)
FN:22,(anonymous_2)
FN:25,(anonymous_3)
FNF:4
FNH:4
FNDA:102,LoginPage
FNDA:82,(anonymous_1)
FNDA:82,(anonymous_2)
FNDA:5,(anonymous_3)
DA:9,102
DA:10,102
DA:12,102
DA:17,102
DA:18,102
DA:20,102
DA:21,82
DA:22,82
DA:25,102
DA:26,5
DA:27,5
DA:29,5
DA:30,2
DA:31,2
DA:34,3
DA:35,3
DA:36,3
DA:37,1
DA:39,2
DA:41,3
DA:45,102
LF:21
LH:21
BRDA:29,0,0,2
BRDA:29,0,1,3
BRDA:29,1,0,5
BRDA:29,1,1,4
BRDA:39,2,0,2
BRDA:39,2,1,0
BRDA:39,2,2,0
BRDA:74,3,0,102
BRDA:74,3,1,17
BRF:9
BRH:7
end_of_record
TN:
SF:src\pages\auth\RegisterPage.jsx
FN:8,RegisterPage
FN:23,(anonymous_1)
FN:25,(anonymous_2)
FN:28,(anonymous_3)
FN:54,(anonymous_4)
FNF:5
FNH:5
FNDA:172,RegisterPage
FNDA:154,(anonymous_1)
FNDA:154,(anonymous_2)
FNDA:5,(anonymous_3)
FNDA:1,(anonymous_4)
DA:9,172
DA:10,172
DA:12,172
DA:19,172
DA:20,172
DA:21,172
DA:23,172
DA:24,154
DA:25,154
DA:28,172
DA:29,5
DA:30,5
DA:31,5
DA:33,5
DA:34,1
DA:35,1
DA:38,4
DA:39,1
DA:40,1
DA:43,3
DA:44,3
DA:46,3
DA:52,1
DA:54,1
DA:55,1
DA:58,2
DA:62,3
DA:66,172
LF:28
LH:28
BRDA:33,0,0,1
BRDA:33,0,1,4
BRDA:33,1,0,5
BRDA:33,1,1,4
BRDA:33,1,2,4
BRDA:33,1,3,4
BRDA:38,2,0,1
BRDA:38,2,1,3
BRDA:59,3,0,2
BRDA:59,3,1,0
BRDA:112,4,0,172
BRDA:112,4,1,27
BRDA:118,5,0,172
BRDA:118,5,1,1
BRF:14
BRH:13
end_of_record
TN:
SF:src\pages\auth\books\BookDetailsPage.jsx
FN:10,BookDetailsPage
FN:19,(anonymous_1)
FN:20,(anonymous_2)
FN:41,(anonymous_3)
FN:64,(anonymous_4)
FN:98,(anonymous_5)
FN:101,(anonymous_6)
FN:105,(anonymous_7)
FN:116,(anonymous_8)
FNF:9
FNH:8
FNDA:19,BookDetailsPage
FNDA:6,(anonymous_1)
FNDA:6,(anonymous_2)
FNDA:2,(anonymous_3)
FNDA:0,(anonymous_4)
FNDA:1,(anonymous_5)
FNDA:3,(anonymous_6)
FNDA:1,(anonymous_7)
FNDA:1,(anonymous_8)
DA:11,19
DA:12,19
DA:13,19
DA:14,19
DA:15,19
DA:16,19
DA:17,19
DA:19,19
DA:20,6
DA:21,6
DA:22,6
DA:23,6
DA:25,5
DA:26,0
DA:27,0
DA:30,5
DA:32,1
DA:34,6
DA:38,6
DA:41,19
DA:42,2
DA:43,2
DA:44,2
DA:45,1
DA:47,1
DA:48,1
DA:50,2
DA:54,19
DA:55,6
DA:58,13
DA:59,2
DA:64,0
DA:71,11
DA:98,1
DA:101,3
DA:105,1
DA:116,1
LF:37
LH:34
BRDA:25,0,0,0
BRDA:25,0,1,5
BRDA:32,1,0,1
BRDA:32,1,1,1
BRDA:47,2,0,1
BRDA:47,2,1,0
BRDA:54,3,0,6
BRDA:54,3,1,13
BRDA:58,4,0,2
BRDA:58,4,1,11
BRDA:82,5,0,11
BRDA:82,5,1,11
BRDA:83,6,0,11
BRDA:83,6,1,11
BRDA:84,7,0,11
BRDA:84,7,1,11
BRDA:91,8,0,11
BRDA:91,8,1,0
BRDA:114,9,0,2
BRDA:114,9,1,9
BRDA:116,10,0,1
BRDA:116,10,1,1
BRF:22
BRH:19
end_of_record
TN:
SF:src\pages\auth\books\BooksPage.jsx
FN:10,BooksPage
FN:15,(anonymous_1)
FN:16,(anonymous_2)
FN:75,(anonymous_3)
FNF:4
FNH:4
FNDA:10,BooksPage
FNDA:5,(anonymous_1)
FNDA:5,(anonymous_2)
FNDA:2,(anonymous_3)
DA:11,10
DA:12,10
DA:13,10
DA:15,10
DA:16,5
DA:17,5
DA:18,5
DA:19,5
DA:20,4
DA:22,1
DA:24,5
DA:28,5
DA:31,10
DA:32,5
DA:35,5
DA:36,1
DA:43,4
DA:76,2
LF:18
LH:18
BRDA:22,0,0,1
BRDA:22,0,1,0
BRDA:31,1,0,5
BRDA:31,1,1,5
BRDA:35,2,0,1
BRDA:35,2,1,4
BRDA:58,3,0,2
BRDA:58,3,1,2
BRDA:83,4,0,2
BRDA:83,4,1,2
BRDA:86,5,0,2
BRDA:86,5,1,2
BRF:12
BRH:11
end_of_record
TN:
SF:src\pages\auth\books\CreateBookPage.jsx
FN:19,CreateBookPage
FN:29,(anonymous_1)
FN:31,(anonymous_2)
FN:34,(anonymous_3)
FN:43,(anonymous_4)
FN:63,(anonymous_5)
FN:77,(anonymous_6)
FN:98,(anonymous_7)
FN:109,(anonymous_8)
FN:133,(anonymous_9)
FN:147,(anonymous_10)
FN:166,(anonymous_11)
FN:228,(anonymous_12)
FNF:13
FNH:13
FNDA:94,CreateBookPage
FNDA:46,(anonymous_1)
FNDA:46,(anonymous_2)
FNDA:3,(anonymous_3)
FNDA:3,(anonymous_4)
FNDA:3,(anonymous_5)
FNDA:3,(anonymous_6)
FNDA:1,(anonymous_7)
FNDA:4,(anonymous_8)
FNDA:26,(anonymous_9)
FNDA:2,(anonymous_10)
FNDA:1,(anonymous_11)
FNDA:162,(anonymous_12)
DA:10,2
DA:20,94
DA:21,94
DA:22,94
DA:23,94
DA:24,94
DA:25,94
DA:26,94
DA:27,94
DA:29,94
DA:30,46
DA:31,46
DA:34,94
DA:43,94
DA:44,3
DA:45,3
DA:47,3
DA:48,1
DA:49,1
DA:52,2
DA:53,2
DA:54,2
DA:55,1
DA:57,1
DA:59,2
DA:63,94
DA:64,3
DA:66,3
DA:67,3
DA:68,3
DA:69,2
DA:71,1
DA:73,3
DA:77,94
DA:78,3
DA:80,3
DA:81,1
DA:82,1
DA:85,2
DA:88,94
DA:98,1
DA:109,4
DA:133,26
DA:148,2
DA:166,1
DA:229,162
LF:46
LH:46
BRDA:37,0,0,3
BRDA:37,0,1,3
BRDA:38,1,0,0
BRDA:38,1,1,3
BRDA:39,2,0,3
BRDA:39,2,1,2
BRDA:40,3,0,3
BRDA:40,3,1,0
BRDA:47,4,0,1
BRDA:47,4,1,2
BRDA:57,5,0,1
BRDA:57,5,1,0
BRDA:71,6,0,1
BRDA:71,6,1,0
BRDA:80,7,0,1
BRDA:80,7,1,2
BRDA:80,8,0,3
BRDA:80,8,1,2
BRDA:99,9,0,40
BRDA:99,9,1,54
BRDA:110,10,0,54
BRDA:110,10,1,40
BRDA:120,11,0,94
BRDA:120,11,1,4
BRDA:126,12,0,94
BRDA:126,12,1,40
BRDA:145,13,0,40
BRDA:145,13,1,2
BRDA:154,14,0,2
BRDA:154,14,1,0
BRDA:157,15,0,2
BRDA:157,15,1,0
BRDA:160,16,0,2
BRDA:160,16,1,2
BRDA:148,17,0,2
BRDA:148,17,1,0
BRDA:178,18,0,94
BRDA:178,18,1,54
BRF:38
BRH:31
end_of_record
TN:
SF:src\pages\auth\books\EditBookPage.jsx
FN:19,EditBookPage
FN:27,(anonymous_1)
FN:28,(anonymous_2)
FN:56,(anonymous_3)
FN:58,(anonymous_4)
FN:61,(anonymous_5)
FN:70,(anonymous_6)
FN:151,(anonymous_7)
FN:166,(anonymous_8)
FNF:9
FNH:9
FNDA:52,EditBookPage
FNDA:6,(anonymous_1)
FNDA:6,(anonymous_2)
FNDA:36,(anonymous_3)
FNDA:36,(anonymous_4)
FNDA:2,(anonymous_5)
FNDA:3,(anonymous_6)
FNDA:138,(anonymous_7)
FNDA:1,(anonymous_8)
DA:10,2
DA:20,52
DA:21,52
DA:22,52
DA:23,52
DA:24,52
DA:25,52
DA:27,52
DA:28,6
DA:29,6
DA:30,6
DA:31,6
DA:33,5
DA:34,0
DA:35,0
DA:38,5
DA:47,1
DA:49,6
DA:53,6
DA:56,52
DA:57,36
DA:58,36
DA:61,52
DA:70,52
DA:71,3
DA:72,3
DA:74,3
DA:75,1
DA:76,1
DA:79,2
DA:80,2
DA:81,2
DA:82,1
DA:84,1
DA:86,2
DA:90,52
DA:91,6
DA:94,46
DA:152,138
DA:166,1
LF:40
LH:38
BRDA:33,0,0,0
BRDA:33,0,1,5
BRDA:39,1,0,5
BRDA:39,1,1,0
BRDA:40,2,0,5
BRDA:40,2,1,0
BRDA:41,3,0,5
BRDA:41,3,1,5
BRDA:42,4,0,5
BRDA:42,4,1,5
BRDA:43,5,0,5
BRDA:43,5,1,5
BRDA:44,6,0,5
BRDA:44,6,1,0
BRDA:47,7,0,1
BRDA:47,7,1,0
BRDA:64,8,0,2
BRDA:64,8,1,2
BRDA:65,9,0,0
BRDA:65,9,1,2
BRDA:66,10,0,2
BRDA:66,10,1,2
BRDA:67,11,0,2
BRDA:67,11,1,0
BRDA:74,12,0,1
BRDA:74,12,1,2
BRDA:74,13,0,3
BRDA:74,13,1,2
BRDA:84,14,0,1
BRDA:84,14,1,0
BRDA:90,15,0,6
BRDA:90,15,1,46
BRDA:101,16,0,46
BRDA:101,16,1,3
BRF:34
BRH:26
end_of_record
TN:
SF:src\pages\auth\dashboard\DashboardPage.jsx
FN:6,DashboardPage
FN:10,(anonymous_1)
FN:11,(anonymous_2)
FN:23,(anonymous_3)
FN:24,(anonymous_4)
FNF:5
FNH:5
FNDA:5,DashboardPage
FNDA:2,(anonymous_1)
FNDA:2,(anonymous_2)
FNDA:1,(anonymous_3)
FNDA:1,(anonymous_4)
DA:7,5
DA:8,5
DA:10,5
DA:11,2
DA:12,2
DA:13,2
DA:14,1
DA:16,1
DA:20,2
DA:23,5
DA:24,5
DA:25,5
DA:27,5
LF:13
LH:13
BRDA:31,0,0,5
BRDA:31,0,1,4
BRDA:58,1,0,1
BRDA:58,1,1,4
BRF:4
BRH:4
end_of_record
TN:
SF:src\routes\AppRoutes.jsx
FN:12,AppRoutes
FNF:1
FNH:1
FNDA:1,AppRoutes
DA:13,1
LF:1
LH:1
BRF:0
BRH:0
end_of_record
TN:
SF:src\routes\ProtectedRoute.jsx
FN:5,ProtectedRoute
FNF:1
FNH:1
FNDA:8,ProtectedRoute
DA:6,8
DA:8,8
DA:9,4
DA:12,4
DA:13,2
DA:16,2
LF:6
LH:6
BRDA:8,0,0,4
BRDA:8,0,1,4
BRDA:12,1,0,2
BRDA:12,1,1,2
BRF:4
BRH:4
end_of_record
TN:
SF:src\services\authService.js
FN:4,(anonymous_0)
FN:9,(anonymous_1)
FN:14,(anonymous_2)
FN:19,(anonymous_3)
FNF:4
FNH:4
FNDA:10,(anonymous_0)
FNDA:10,(anonymous_1)
FNDA:2,(anonymous_2)
FNDA:15,(anonymous_3)
DA:3,14
DA:5,10
DA:6,3
DA:10,10
DA:11,3
DA:15,2
DA:16,2
DA:20,15
DA:21,12
LF:9
LH:9
BRF:0
BRH:0
end_of_record
TN:
SF:src\services\bookService.js
FN:6,(anonymous_0)
FN:6,(anonymous_1)
FN:8,(anonymous_2)
FN:19,(anonymous_3)
FN:29,(anonymous_4)
FN:32,(anonymous_5)
FN:39,(anonymous_6)
FN:44,(anonymous_7)
FN:55,(anonymous_8)
FN:65,(anonymous_9)
FN:75,(anonymous_10)
FNF:11
FNH:7
FNDA:0,(anonymous_0)
FNDA:0,(anonymous_1)
FNDA:23,(anonymous_2)
FNDA:10,(anonymous_3)
FNDA:14,(anonymous_4)
FNDA:0,(anonymous_5)
FNDA:5,(anonymous_6)
FNDA:0,(anonymous_7)
FNDA:5,(anonymous_8)
FNDA:4,(anonymous_9)
FNDA:4,(anonymous_10)
DA:6,7
DA:8,23
DA:18,7
DA:20,10
DA:21,0
DA:22,0
DA:25,10
DA:26,6
DA:30,14
DA:31,0
DA:32,0
DA:35,14
DA:36,11
DA:40,5
DA:41,0
DA:42,0
DA:45,0
DA:49,5
DA:52,4
DA:56,5
DA:57,0
DA:58,0
DA:61,5
DA:62,3
DA:66,4
DA:67,0
DA:68,0
DA:71,4
DA:72,2
DA:76,4
DA:77,0
DA:78,0
DA:81,4
DA:82,2
LF:34
LH:21
BRDA:10,0,0,23
BRDA:10,0,1,0
BRDA:11,1,0,23
BRDA:11,1,1,1
BRDA:12,2,0,23
BRDA:12,2,1,23
BRDA:13,3,0,23
BRDA:13,3,1,23
BRDA:14,4,0,23
BRDA:14,4,1,5
BRDA:15,5,0,23
BRDA:15,5,1,23
BRDA:20,6,0,0
BRDA:20,6,1,10
BRDA:30,7,0,0
BRDA:30,7,1,14
BRDA:40,8,0,0
BRDA:40,8,1,5
BRDA:56,9,0,0
BRDA:56,9,1,5
BRDA:66,10,0,0
BRDA:66,10,1,4
BRDA:76,11,0,0
BRDA:76,11,1,4
BRF:24
BRH:17
end_of_record
TN:
SF:src\utils\readingStatus.js
FN:25,(anonymous_0)
FN:26,(anonymous_1)
FNF:2
FNH:2
FNDA:18,(anonymous_0)
FNDA:51,(anonymous_1)
DA:1,8
DA:7,8
DA:25,8
DA:26,51
LF:4
LH:4
BRDA:26,0,0,18
BRDA:26,0,1,2
BRF:2
BRH:2
end_of_record
